<?xml version="1.0" encoding="UTF-8"?>
<!-- Generated by org.testng.reporters.JUnitReportReporter -->
<testsuite hostname="Nani-PC" failures="0" tests="1" name="FirstTest.FirstTestngClass" time="0.008" errors="0" timestamp="16 Jun 2021 06:19:55 GMT" skipped="0">
  <testcase classname="FirstTest.FirstTestngClass" name="FirstTest" time="0.008"/>
</testsuite> <!-- FirstTest.FirstTestngClass -->
